<?xml version="1.0" encoding="UTF-8"?>
<!-- Generated by org.testng.reporters.JUnitReportReporter -->
<testsuite skipped="0" hostname="sagitec-0175" name="com.TMDB.testCases.PreReq02_CreateSession$PreReq01_CreateSession" tests="1" failures="0" timestamp="2020-02-08T15:45:07 PST" time="2.132" errors="0">
  <testcase name="createSession" time="2.132" classname="com.TMDB.testCases.PreReq02_CreateSession$PreReq01_CreateSession"/>
</testsuite> <!-- com.TMDB.testCases.PreReq02_CreateSession$PreReq01_CreateSession -->
