<?xml version="1.0" encoding="UTF-8"?>
<!-- Generated by org.testng.reporters.JUnitReportReporter -->
<testsuite skipped="0" hostname="sagitec-0175" name="com.TMDB.testCases.TC04_MarkMovieAsFavorite" tests="1" failures="0" timestamp="2020-02-08T19:51:10 PST" time="0.783" errors="0">
  <testcase name="markMovieFavorite" time="0.783" classname="com.TMDB.testCases.TC04_MarkMovieAsFavorite"/>
</testsuite> <!-- com.TMDB.testCases.TC04_MarkMovieAsFavorite -->
