<?xml version="1.0" encoding="UTF-8"?>
<!-- Generated by org.testng.reporters.JUnitReportReporter -->
<testsuite skipped="0" hostname="sagitec-0175" name="com.TMDB.testCases.TC07_UnmarkMovieAsFavorite" tests="1" failures="0" timestamp="2020-02-08T19:51:10 PST" time="1.251" errors="0">
  <testcase name="UnmarkMovieFavorite" time="1.251" classname="com.TMDB.testCases.TC07_UnmarkMovieAsFavorite"/>
</testsuite> <!-- com.TMDB.testCases.TC07_UnmarkMovieAsFavorite -->
