<?xml version="1.0" encoding="UTF-8"?>
<!-- Generated by org.testng.reporters.JUnitReportReporter -->
<testsuite skipped="0" hostname="sagitec-0175" name="com.TMDB.testCases.TC03_SearchMovieFromIMDB" tests="1" failures="0" timestamp="2020-02-08T19:51:10 PST" time="0.444" errors="0">
  <testcase name="searchMoviefromImdb" time="0.444" classname="com.TMDB.testCases.TC03_SearchMovieFromIMDB"/>
</testsuite> <!-- com.TMDB.testCases.TC03_SearchMovieFromIMDB -->
