<?xml version="1.0" encoding="UTF-8"?>
<!-- Generated by org.testng.reporters.JUnitReportReporter -->
<testsuite skipped="0" hostname="sagitec-0175" name="com.TMDB.testCases.PreReq01_CreateRequestToken" tests="1" failures="0" timestamp="2020-02-08T15:42:31 PST" time="2.031" errors="0">
  <testcase name="createRequestToken" time="2.031" classname="com.TMDB.testCases.PreReq01_CreateRequestToken"/>
</testsuite> <!-- com.TMDB.testCases.PreReq01_CreateRequestToken -->
