<?xml version="1.0" encoding="UTF-8"?>
<!-- Generated by org.testng.reporters.JUnitReportReporter -->
<testsuite skipped="0" hostname="sagitec-0175" name="com.TMDB.testCases.TC01_SearchMovies" tests="1" failures="0" timestamp="2020-02-08T19:51:10 PST" time="3.358" errors="0">
  <testcase name="searchMovies" time="3.358" classname="com.TMDB.testCases.TC01_SearchMovies"/>
</testsuite> <!-- com.TMDB.testCases.TC01_SearchMovies -->
