<?xml version="1.0" encoding="UTF-8"?>
<!-- Generated by org.testng.reporters.JUnitReportReporter -->
<testsuite skipped="0" hostname="sagitec-0175" name="com.TMDB.testCases.TC02_RateMovie" tests="1" failures="0" timestamp="2020-02-08T19:51:10 PST" time="0.876" errors="0">
  <testcase name="rateMovie" time="0.876" classname="com.TMDB.testCases.TC02_RateMovie"/>
</testsuite> <!-- com.TMDB.testCases.TC02_RateMovie -->
